<?xml version="1.0" encoding="UTF-8"?>
<!-- Generated by org.testng.reporters.JUnitXMLReporter -->
<testsuite ignored="0" hostname="SEGOTW10271343" failures="1" tests="1" name="Test Name" time="0.052" errors="0" timestamp="07 Aug 2020 10:49:09 GMT">
  <testcase classname="com.duckduckgo.tests.DriverTest" name="driverTest" time="0.017">
    <failure type="java.lang.Error" message="Unresolved compilation problem: 
	FirefoxDriver cannot be resolved to a type
">
      <![CDATA[java.lang.Error: Unresolved compilation problem: 
FirefoxDriver cannot be resolved to a type

at com.duckduckgo.tests.DriverTest.driverTest(DriverTest.java:13)
... Removed 25 stack frames]]>
    </failure>
  </testcase> <!-- driverTest -->
</testsuite> <!-- Test Name -->
